<?xml version="1.0" encoding="UTF-8"?>
<!-- Generated by org.testng.reporters.JUnitReportReporter -->
<testsuite hostname="LAPTOP-MU73VCAM" failures="0" tests="6" name="sample.SampleTest2" time="6.239" errors="0" timestamp="2020-02-03T20:40:56 PST" skipped="0">
  <testcase classname="sample.SampleTest2" name="Test5" time="5.550"/>
  <testcase classname="sample.SampleTest2" name="Test6" time="0.069"/>
  <testcase classname="sample.SampleTest2" name="Test2" time="0.104"/>
  <testcase classname="sample.SampleTest2" name="Test3" time="0.177"/>
  <testcase classname="sample.SampleTest2" name="Test1" time="0.266"/>
  <testcase classname="sample.SampleTest2" name="Test4" time="0.073"/>
</testsuite> <!-- sample.SampleTest2 -->
