<?xml version="1.0" encoding="UTF-8"?>
<!-- Generated by org.testng.reporters.JUnitReportReporter -->
<testsuite hostname="LAPTOP-MU73VCAM" failures="0" tests="6" name="servusTest.TestClass" time="6.121" errors="0" timestamp="2023-08-21T16:34:12 MDT" skipped="0">
  <testcase classname="servusTest.TestClass" name="Test5" time="5.513"/>
  <testcase classname="servusTest.TestClass" name="Test1" time="0.272"/>
  <testcase classname="servusTest.TestClass" name="Test3" time="0.120"/>
  <testcase classname="servusTest.TestClass" name="Test6" time="0.060"/>
  <testcase classname="servusTest.TestClass" name="Test2" time="0.076"/>
  <testcase classname="servusTest.TestClass" name="Test4" time="0.080"/>
</testsuite> <!-- servusTest.TestClass -->
